Building DAG of jobs...
Using shell: /usr/bin/bash
Provided cores: 1 (use --cores to define parallelism)
Rules claiming more threads will be scaled down.
Job stats:
job                count
---------------  -------
all                    1
get_samplesheet        1
total                  2

Select jobs to execute...

[Tue Oct 22 15:43:51 2024]
rule get_samplesheet:
    output: fastqs/samplesheet.tsv
    jobid: 1
    reason: Missing output files: fastqs/samplesheet.tsv
    resources: tmpdir=/tmp

[Tue Oct 22 15:43:52 2024]
Error in rule get_samplesheet:
    jobid: 1
    output: fastqs/samplesheet.tsv
    shell:
        Rscript scripts/generate_samplesheet.R ./ fastqs/samplesheet.tsv
        (one of the commands exited with non-zero exit code; note that snakemake uses bash strict mode!)

Shutting down, this might take some time.
Exiting because a job execution failed. Look above for error message
Complete log: .snakemake/log/2024-10-22T154350.603087.snakemake.log
