Building DAG of jobs...
Using shell: /usr/bin/bash
Provided cores: 5
Rules claiming more threads will be scaled down.
Job stats:
job             count
------------  -------
all                 1
create_links        4
total               5

Select jobs to execute...
Failed to solve scheduling problem with ILP solver in time (10s). Falling back to greedy solver.

[Tue Oct 22 16:43:13 2024]
rule create_links:
    input: /home5/attilio/Tarcisio/exercise_snakemake/config/samplesheet.tsv
    output: links/ctrl_R2.fq
    jobid: 4
    reason: Missing output files: links/ctrl_R2.fq
    wildcards: fullname=ctrl_R2
    resources: tmpdir=/tmp


[Tue Oct 22 16:43:13 2024]
rule create_links:
    input: /home5/attilio/Tarcisio/exercise_snakemake/config/samplesheet.tsv
    output: links/bach_R2.fq
    jobid: 2
    reason: Missing output files: links/bach_R2.fq
    wildcards: fullname=bach_R2
    resources: tmpdir=/tmp


[Tue Oct 22 16:43:13 2024]
rule create_links:
    input: /home5/attilio/Tarcisio/exercise_snakemake/config/samplesheet.tsv
    output: links/bach_R1.fq
    jobid: 1
    reason: Missing output files: links/bach_R1.fq
    wildcards: fullname=bach_R1
    resources: tmpdir=/tmp


[Tue Oct 22 16:43:13 2024]
rule create_links:
    input: /home5/attilio/Tarcisio/exercise_snakemake/config/samplesheet.tsv
    output: links/ctrl_R1.fq
    jobid: 3
    reason: Missing output files: links/ctrl_R1.fq
    wildcards: fullname=ctrl_R1
    resources: tmpdir=/tmp

[Tue Oct 22 16:43:13 2024]
Finished job 4.
1 of 5 steps (20%) done
[Tue Oct 22 16:43:13 2024]
Finished job 2.
2 of 5 steps (40%) done
[Tue Oct 22 16:43:13 2024]
Finished job 1.
3 of 5 steps (60%) done
[Tue Oct 22 16:43:13 2024]
Finished job 3.
4 of 5 steps (80%) done
Select jobs to execute...

[Tue Oct 22 16:43:13 2024]
localrule all:
    input: links/bach_R1.fq, links/bach_R2.fq, links/ctrl_R1.fq, links/ctrl_R2.fq
    jobid: 0
    reason: Input files updated by another job: links/bach_R2.fq, links/ctrl_R1.fq, links/bach_R1.fq, links/ctrl_R2.fq
    resources: tmpdir=/tmp

[Tue Oct 22 16:43:13 2024]
Finished job 0.
5 of 5 steps (100%) done
Complete log: .snakemake/log/2024-10-22T164242.465703.snakemake.log
