Building DAG of jobs...
Using shell: /usr/bin/bash
Provided cores: 1 (use --cores to define parallelism)
Rules claiming more threads will be scaled down.
Job stats:
job             count
------------  -------
all                 1
create_links        4
total               5

Select jobs to execute...
Failed to solve scheduling problem with ILP solver in time (10s). Falling back to greedy solver.

[Tue Oct 22 16:06:15 2024]
rule create_links:
    input: /home5/attilio/Tarcisio/exercise_snakemake/config/samplesheet.tsv
    output: links/ctrl_R2.fq
    jobid: 4
    reason: Missing output files: links/ctrl_R2.fq
    wildcards: sample=ctrl_R2
    resources: tmpdir=/tmp

Waiting at most 5 seconds for missing files.
Terminating processes on user request, this might take some time.
Complete log: .snakemake/log/2024-10-22T160547.434148.snakemake.log
