Building DAG of jobs...
Using shell: /usr/bin/bash
Provided cores: 1 (use --cores to define parallelism)
Rules claiming more threads will be scaled down.
Job stats:
job                count
---------------  -------
all                    1
get_samplesheet        1
total                  2

Select jobs to execute...

[Tue Oct 22 15:45:35 2024]
rule get_samplesheet:
    output: fastqs/samplesheet.tsv
    jobid: 1
    reason: Missing output files: fastqs/samplesheet.tsv
    resources: tmpdir=/tmp

[Tue Oct 22 15:45:39 2024]
Finished job 1.
1 of 2 steps (50%) done
Select jobs to execute...

[Tue Oct 22 15:45:39 2024]
localrule all:
    input: fastqs/samplesheet.tsv
    jobid: 0
    reason: Input files updated by another job: fastqs/samplesheet.tsv
    resources: tmpdir=/tmp

[Tue Oct 22 15:45:39 2024]
Finished job 0.
2 of 2 steps (100%) done
Complete log: .snakemake/log/2024-10-22T154534.568524.snakemake.log
